<?xml version="1.0" encoding="UTF-8"?>
<testsuite name="com.sunghyuki.book.springboot.web.IndexControllerTest" tests="1" skipped="0" failures="0" errors="0" timestamp="2021-11-09T06:54:10" hostname="gimseonghyeog-ui-MacBookPro.local" time="0.192">
  <properties/>
  <testcase name="메인페이지_로딩()" classname="com.sunghyuki.book.springboot.web.IndexControllerTest" time="0.192"/>
  <system-out><![CDATA[2021-11-09 15:54:07.490  INFO 4935 --- [    Test worker] .b.t.c.SpringBootTestContextBootstrapper : Neither @ContextConfiguration nor @ContextHierarchy found for test class [com.sunghyuki.book.springboot.web.IndexControllerTest], using SpringBootContextLoader
2021-11-09 15:54:07.490  INFO 4935 --- [    Test worker] o.s.t.c.support.AbstractContextLoader    : Could not detect default resource locations for test class [com.sunghyuki.book.springboot.web.IndexControllerTest]: no resource found for suffixes {-context.xml, Context.groovy}.
2021-11-09 15:54:07.491  INFO 4935 --- [    Test worker] t.c.s.AnnotationConfigContextLoaderUtils : Could not detect default configuration classes for test class [com.sunghyuki.book.springboot.web.IndexControllerTest]: IndexControllerTest does not declare any static, non-private, non-final, nested classes annotated with @Configuration.
2021-11-09 15:54:07.493  INFO 4935 --- [    Test worker] .b.t.c.SpringBootTestContextBootstrapper : Found @SpringBootConfiguration com.sunghyuki.book.springboot.Application for test class com.sunghyuki.book.springboot.web.IndexControllerTest
2021-11-09 15:54:07.496  INFO 4935 --- [    Test worker] .b.t.c.SpringBootTestContextBootstrapper : Loaded default TestExecutionListener class names from location [META-INF/spring.factories]: [org.springframework.security.test.context.support.WithSecurityContextTestExecutionListener, org.springframework.security.test.context.support.ReactorContextTestExecutionListener, org.springframework.boot.test.autoconfigure.restdocs.RestDocsTestExecutionListener, org.springframework.boot.test.autoconfigure.web.client.MockRestServiceServerResetTestExecutionListener, org.springframework.boot.test.autoconfigure.web.servlet.MockMvcPrintOnlyOnFailureTestExecutionListener, org.springframework.boot.test.autoconfigure.web.servlet.WebDriverTestExecutionListener, org.springframework.boot.test.autoconfigure.webservices.client.MockWebServiceServerTestExecutionListener, org.springframework.boot.test.mock.mockito.MockitoTestExecutionListener, org.springframework.boot.test.mock.mockito.ResetMocksTestExecutionListener, org.springframework.test.context.web.ServletTestExecutionListener, org.springframework.test.context.support.DirtiesContextBeforeModesTestExecutionListener, org.springframework.test.context.event.ApplicationEventsTestExecutionListener, org.springframework.test.context.support.DependencyInjectionTestExecutionListener, org.springframework.test.context.support.DirtiesContextTestExecutionListener, org.springframework.test.context.transaction.TransactionalTestExecutionListener, org.springframework.test.context.jdbc.SqlScriptsTestExecutionListener, org.springframework.test.context.event.EventPublishingTestExecutionListener]
2021-11-09 15:54:07.497  INFO 4935 --- [    Test worker] .b.t.c.SpringBootTestContextBootstrapper : Using TestExecutionListeners: [org.springframework.test.context.web.ServletTestExecutionListener@7756524e, org.springframework.test.context.support.DirtiesContextBeforeModesTestExecutionListener@53ff1a8f, org.springframework.test.context.event.ApplicationEventsTestExecutionListener@511543f9, org.springframework.boot.test.mock.mockito.MockitoTestExecutionListener@6c41e98b, org.springframework.boot.test.autoconfigure.SpringBootDependencyInjectionTestExecutionListener@2940026f, org.springframework.test.context.support.DirtiesContextTestExecutionListener@2c05eaa, org.springframework.test.context.transaction.TransactionalTestExecutionListener@7931df80, org.springframework.test.context.jdbc.SqlScriptsTestExecutionListener@1a5f7c9c, org.springframework.security.test.context.support.WithSecurityContextTestExecutionListener@33a546c2, org.springframework.test.context.event.EventPublishingTestExecutionListener@33907b12, org.springframework.security.test.context.support.ReactorContextTestExecutionListener@442a6f3f, org.springframework.boot.test.autoconfigure.restdocs.RestDocsTestExecutionListener@25f040ba, org.springframework.boot.test.autoconfigure.web.client.MockRestServiceServerResetTestExecutionListener@3c7a8190, org.springframework.boot.test.autoconfigure.web.servlet.MockMvcPrintOnlyOnFailureTestExecutionListener@c8225e6, org.springframework.boot.test.autoconfigure.web.servlet.WebDriverTestExecutionListener@1bc6f0de, org.springframework.boot.test.autoconfigure.webservices.client.MockWebServiceServerTestExecutionListener@3c94868c, org.springframework.boot.test.mock.mockito.ResetMocksTestExecutionListener@540af68f]

  .   ____          _            __ _ _
 /\\ / ___'_ __ _ _(_)_ __  __ _ \ \ \ \
( ( )\___ | '_ | '_| | '_ \/ _` | \ \ \ \
 \\/  ___)| |_)| | | | | || (_| |  ) ) ) )
  '  |____| .__|_| |_|_| |_\__, | / / / /
 =========|_|==============|___/=/_/_/_/
 :: Spring Boot ::                (v2.5.6)

2021-11-09 15:54:07.535  INFO 4935 --- [    Test worker] c.s.b.s.web.IndexControllerTest          : Starting IndexControllerTest using Java 1.8.0_281 on gimseonghyeog-ui-MacBookPro.local with PID 4935 (started by sunghyuki in /Users/sunghyuki/Desktop/Git/springboot2-webservice)
2021-11-09 15:54:07.535  INFO 4935 --- [    Test worker] c.s.b.s.web.IndexControllerTest          : The following profiles are active: oauth
2021-11-09 15:54:07.795  INFO 4935 --- [    Test worker] .s.d.r.c.RepositoryConfigurationDelegate : Bootstrapping Spring Data JPA repositories in DEFAULT mode.
2021-11-09 15:54:07.832  INFO 4935 --- [    Test worker] .s.d.r.c.RepositoryConfigurationDelegate : Finished Spring Data repository scanning in 31 ms. Found 2 JPA repository interfaces.
2021-11-09 15:54:08.198  INFO 4935 --- [    Test worker] o.s.b.w.embedded.tomcat.TomcatWebServer  : Tomcat initialized with port(s): 0 (http)
2021-11-09 15:54:08.208  INFO 4935 --- [    Test worker] o.apache.catalina.core.StandardService   : Starting service [Tomcat]
2021-11-09 15:54:08.208  INFO 4935 --- [    Test worker] org.apache.catalina.core.StandardEngine  : Starting Servlet engine: [Apache Tomcat/9.0.54]
2021-11-09 15:54:08.283  INFO 4935 --- [    Test worker] o.a.c.c.C.[Tomcat].[localhost].[/]       : Initializing Spring embedded WebApplicationContext
2021-11-09 15:54:08.284  INFO 4935 --- [    Test worker] w.s.c.ServletWebServerApplicationContext : Root WebApplicationContext: initialization completed in 745 ms
2021-11-09 15:54:08.320  INFO 4935 --- [    Test worker] com.zaxxer.hikari.HikariDataSource       : HikariPool-1 - Starting...
2021-11-09 15:54:08.492  INFO 4935 --- [    Test worker] com.zaxxer.hikari.HikariDataSource       : HikariPool-1 - Start completed.
2021-11-09 15:54:08.499  INFO 4935 --- [    Test worker] o.s.b.a.h2.H2ConsoleAutoConfiguration    : H2 console available at '/h2-console'. Database available at 'jdbc:h2:mem:testdb'
2021-11-09 15:54:08.828  INFO 4935 --- [    Test worker] o.hibernate.jpa.internal.util.LogHelper  : HHH000204: Processing PersistenceUnitInfo [name: default]
2021-11-09 15:54:08.877  INFO 4935 --- [    Test worker] org.hibernate.Version                    : HHH000412: Hibernate ORM core version 5.4.32.Final
2021-11-09 15:54:08.925  INFO 4935 --- [    Test worker] o.hibernate.annotations.common.Version   : HCANN000001: Hibernate Commons Annotations {5.1.2.Final}
2021-11-09 15:54:09.031  INFO 4935 --- [    Test worker] org.hibernate.dialect.Dialect            : HHH000400: Using dialect: org.hibernate.dialect.MySQL57InnoDBDialect
Hibernate: drop table if exists posts
Hibernate: drop table if exists user
Hibernate: create table posts (id bigint not null auto_increment, created_date datetime(6), modified_date datetime(6), author varchar(255), content TEXT not null, title varchar(500) not null, primary key (id)) engine=InnoDB
Hibernate: create table user (id bigint not null auto_increment, created_date datetime(6), modified_date datetime(6), email varchar(255) not null, name varchar(255) not null, picture varchar(255), role varchar(255) not null, primary key (id)) engine=InnoDB
2021-11-09 15:54:09.692  INFO 4935 --- [    Test worker] o.h.e.t.j.p.i.JtaPlatformInitiator       : HHH000490: Using JtaPlatform implementation: [org.hibernate.engine.transaction.jta.platform.internal.NoJtaPlatform]
2021-11-09 15:54:09.699  INFO 4935 --- [    Test worker] j.LocalContainerEntityManagerFactoryBean : Initialized JPA EntityManagerFactory for persistence unit 'default'
2021-11-09 15:54:10.398  INFO 4935 --- [    Test worker] o.s.s.web.DefaultSecurityFilterChain     : Will secure any request with [org.springframework.security.web.context.request.async.WebAsyncManagerIntegrationFilter@1fafa81a, org.springframework.security.web.context.SecurityContextPersistenceFilter@723a6120, org.springframework.security.web.header.HeaderWriterFilter@14106d0d, org.springframework.security.web.authentication.logout.LogoutFilter@1ed7e3d1, org.springframework.security.oauth2.client.web.OAuth2AuthorizationRequestRedirectFilter@d7c8f63, org.springframework.security.oauth2.client.web.OAuth2LoginAuthenticationFilter@85e0a84, org.springframework.security.web.authentication.ui.DefaultLoginPageGeneratingFilter@49ea79e1, org.springframework.security.web.authentication.ui.DefaultLogoutPageGeneratingFilter@518905a, org.springframework.security.web.savedrequest.RequestCacheAwareFilter@7b443084, org.springframework.security.web.servletapi.SecurityContextHolderAwareRequestFilter@6c2b42e4, org.springframework.security.web.authentication.AnonymousAuthenticationFilter@6c76000d, org.springframework.security.web.session.SessionManagementFilter@17f64252, org.springframework.security.web.access.ExceptionTranslationFilter@2f170cb, org.springframework.security.web.access.intercept.FilterSecurityInterceptor@5ed89eb3]
2021-11-09 15:54:10.536  INFO 4935 --- [    Test worker] o.s.b.a.w.s.WelcomePageHandlerMapping    : Adding welcome page template: index
2021-11-09 15:54:10.746  INFO 4935 --- [    Test worker] o.s.b.w.embedded.tomcat.TomcatWebServer  : Tomcat started on port(s): 62065 (http) with context path ''
2021-11-09 15:54:10.758  INFO 4935 --- [    Test worker] s.a.ScheduledAnnotationBeanPostProcessor : No TaskScheduler/ScheduledExecutorService bean found for scheduled processing
2021-11-09 15:54:10.764  INFO 4935 --- [    Test worker] c.s.b.s.web.IndexControllerTest          : Started IndexControllerTest in 3.265 seconds (JVM running for 7.875)
2021-11-09 15:54:10.859  INFO 4935 --- [o-auto-1-exec-1] o.a.c.c.C.[Tomcat].[localhost].[/]       : Initializing Spring DispatcherServlet 'dispatcherServlet'
2021-11-09 15:54:10.859  INFO 4935 --- [o-auto-1-exec-1] o.s.web.servlet.DispatcherServlet        : Initializing Servlet 'dispatcherServlet'
2021-11-09 15:54:10.860  INFO 4935 --- [o-auto-1-exec-1] o.s.web.servlet.DispatcherServlet        : Completed initialization in 1 ms
Hibernate: select posts0_.id as id1_0_, posts0_.created_date as created_2_0_, posts0_.modified_date as modified3_0_, posts0_.author as author4_0_, posts0_.content as content5_0_, posts0_.title as title6_0_ from posts posts0_ order by posts0_.id DESC
]]></system-out>
  <system-err><![CDATA[]]></system-err>
</testsuite>
