<?xml version="1.0" encoding="UTF-8"?>
<testsuite name="com.sunghyuki.book.springboot.domain.posts.PostsRepositoryTest" tests="1" skipped="0" failures="0" errors="0" timestamp="2021-10-28T06:15:06" hostname="gimseonghyeog-ui-MacBookPro.local" time="0.496">
  <properties/>
  <testcase name="BaseTimeEntity_등록()" classname="com.sunghyuki.book.springboot.domain.posts.PostsRepositoryTest" time="0.496"/>
  <system-out><![CDATA[15:15:03.037 [Test worker] DEBUG org.springframework.test.context.BootstrapUtils - Instantiating CacheAwareContextLoaderDelegate from class [org.springframework.test.context.cache.DefaultCacheAwareContextLoaderDelegate]
15:15:03.045 [Test worker] DEBUG org.springframework.test.context.BootstrapUtils - Instantiating BootstrapContext using constructor [public org.springframework.test.context.support.DefaultBootstrapContext(java.lang.Class,org.springframework.test.context.CacheAwareContextLoaderDelegate)]
15:15:03.072 [Test worker] DEBUG org.springframework.test.context.BootstrapUtils - Instantiating TestContextBootstrapper for test class [com.sunghyuki.book.springboot.domain.posts.PostsRepositoryTest] from class [org.springframework.boot.test.context.SpringBootTestContextBootstrapper]
15:15:03.082 [Test worker] INFO org.springframework.boot.test.context.SpringBootTestContextBootstrapper - Neither @ContextConfiguration nor @ContextHierarchy found for test class [com.sunghyuki.book.springboot.domain.posts.PostsRepositoryTest], using SpringBootContextLoader
15:15:03.086 [Test worker] DEBUG org.springframework.test.context.support.AbstractContextLoader - Did not detect default resource location for test class [com.sunghyuki.book.springboot.domain.posts.PostsRepositoryTest]: class path resource [com/sunghyuki/book/springboot/domain/posts/PostsRepositoryTest-context.xml] does not exist
15:15:03.086 [Test worker] DEBUG org.springframework.test.context.support.AbstractContextLoader - Did not detect default resource location for test class [com.sunghyuki.book.springboot.domain.posts.PostsRepositoryTest]: class path resource [com/sunghyuki/book/springboot/domain/posts/PostsRepositoryTestContext.groovy] does not exist
15:15:03.086 [Test worker] INFO org.springframework.test.context.support.AbstractContextLoader - Could not detect default resource locations for test class [com.sunghyuki.book.springboot.domain.posts.PostsRepositoryTest]: no resource found for suffixes {-context.xml, Context.groovy}.
15:15:03.087 [Test worker] INFO org.springframework.test.context.support.AnnotationConfigContextLoaderUtils - Could not detect default configuration classes for test class [com.sunghyuki.book.springboot.domain.posts.PostsRepositoryTest]: PostsRepositoryTest does not declare any static, non-private, non-final, nested classes annotated with @Configuration.
15:15:03.127 [Test worker] DEBUG org.springframework.test.context.support.ActiveProfilesUtils - Could not find an 'annotation declaring class' for annotation type [org.springframework.test.context.ActiveProfiles] and class [com.sunghyuki.book.springboot.domain.posts.PostsRepositoryTest]
15:15:03.183 [Test worker] DEBUG org.springframework.context.annotation.ClassPathScanningCandidateComponentProvider - Identified candidate component class: file [/Users/sunghyuki/Desktop/Git/springboot2-webservice/build/classes/java/main/com/sunghyuki/book/springboot/Application.class]
15:15:03.184 [Test worker] INFO org.springframework.boot.test.context.SpringBootTestContextBootstrapper - Found @SpringBootConfiguration com.sunghyuki.book.springboot.Application for test class com.sunghyuki.book.springboot.domain.posts.PostsRepositoryTest
15:15:03.259 [Test worker] DEBUG org.springframework.boot.test.context.SpringBootTestContextBootstrapper - @TestExecutionListeners is not present for class [com.sunghyuki.book.springboot.domain.posts.PostsRepositoryTest]: using defaults.
15:15:03.259 [Test worker] INFO org.springframework.boot.test.context.SpringBootTestContextBootstrapper - Loaded default TestExecutionListener class names from location [META-INF/spring.factories]: [org.springframework.boot.test.autoconfigure.restdocs.RestDocsTestExecutionListener, org.springframework.boot.test.autoconfigure.web.client.MockRestServiceServerResetTestExecutionListener, org.springframework.boot.test.autoconfigure.web.servlet.MockMvcPrintOnlyOnFailureTestExecutionListener, org.springframework.boot.test.autoconfigure.web.servlet.WebDriverTestExecutionListener, org.springframework.boot.test.autoconfigure.webservices.client.MockWebServiceServerTestExecutionListener, org.springframework.boot.test.mock.mockito.MockitoTestExecutionListener, org.springframework.boot.test.mock.mockito.ResetMocksTestExecutionListener, org.springframework.test.context.web.ServletTestExecutionListener, org.springframework.test.context.support.DirtiesContextBeforeModesTestExecutionListener, org.springframework.test.context.event.ApplicationEventsTestExecutionListener, org.springframework.test.context.support.DependencyInjectionTestExecutionListener, org.springframework.test.context.support.DirtiesContextTestExecutionListener, org.springframework.test.context.transaction.TransactionalTestExecutionListener, org.springframework.test.context.jdbc.SqlScriptsTestExecutionListener, org.springframework.test.context.event.EventPublishingTestExecutionListener]
15:15:03.274 [Test worker] INFO org.springframework.boot.test.context.SpringBootTestContextBootstrapper - Using TestExecutionListeners: [org.springframework.test.context.web.ServletTestExecutionListener@76aec2ef, org.springframework.test.context.support.DirtiesContextBeforeModesTestExecutionListener@12a02e93, org.springframework.test.context.event.ApplicationEventsTestExecutionListener@6f495ac, org.springframework.boot.test.mock.mockito.MockitoTestExecutionListener@48370d2f, org.springframework.boot.test.autoconfigure.SpringBootDependencyInjectionTestExecutionListener@488e177c, org.springframework.test.context.support.DirtiesContextTestExecutionListener@5bc96c48, org.springframework.test.context.transaction.TransactionalTestExecutionListener@79b2cb68, org.springframework.test.context.jdbc.SqlScriptsTestExecutionListener@99cef04, org.springframework.test.context.event.EventPublishingTestExecutionListener@31112cbc, org.springframework.boot.test.autoconfigure.restdocs.RestDocsTestExecutionListener@21aabdfa, org.springframework.boot.test.autoconfigure.web.client.MockRestServiceServerResetTestExecutionListener@4eaccb2c, org.springframework.boot.test.autoconfigure.web.servlet.MockMvcPrintOnlyOnFailureTestExecutionListener@20a6e932, org.springframework.boot.test.autoconfigure.web.servlet.WebDriverTestExecutionListener@18ea4556, org.springframework.boot.test.autoconfigure.webservices.client.MockWebServiceServerTestExecutionListener@6c5b7edc, org.springframework.boot.test.mock.mockito.ResetMocksTestExecutionListener@44862dd0]
15:15:03.278 [Test worker] DEBUG org.springframework.test.context.support.AbstractDirtiesContextTestExecutionListener - Before test class: context [DefaultTestContext@19eeba8 testClass = PostsRepositoryTest, testInstance = [null], testMethod = [null], testException = [null], mergedContextConfiguration = [WebMergedContextConfiguration@38d4be61 testClass = PostsRepositoryTest, locations = '{}', classes = '{class com.sunghyuki.book.springboot.Application}', contextInitializerClasses = '[]', activeProfiles = '{}', propertySourceLocations = '{}', propertySourceProperties = '{org.springframework.boot.test.context.SpringBootTestContextBootstrapper=true}', contextCustomizers = set[org.springframework.boot.test.autoconfigure.actuate.metrics.MetricsExportContextCustomizerFactory$DisableMetricExportContextCustomizer@4458d02d, org.springframework.boot.test.autoconfigure.properties.PropertyMappingContextCustomizer@0, org.springframework.boot.test.autoconfigure.web.servlet.WebDriverContextCustomizerFactory$Customizer@1df18c8a, org.springframework.boot.test.context.filter.ExcludeFilterContextCustomizer@52aa2453, org.springframework.boot.test.json.DuplicateJsonObjectContextCustomizerFactory$DuplicateJsonObjectContextCustomizer@46f3c0d2, org.springframework.boot.test.mock.mockito.MockitoContextCustomizer@0, org.springframework.boot.test.web.client.TestRestTemplateContextCustomizer@781364f4, org.springframework.boot.test.context.SpringBootTestArgs@1, org.springframework.boot.test.context.SpringBootTestWebEnvironment@664c704f], resourceBasePath = 'src/main/webapp', contextLoader = 'org.springframework.boot.test.context.SpringBootContextLoader', parent = [null]], attributes = map['org.springframework.test.context.web.ServletTestExecutionListener.activateListener' -> true]], class annotated with @DirtiesContext [false] with mode [null].
15:15:03.300 [Test worker] DEBUG org.springframework.test.context.support.TestPropertySourceUtils - Adding inlined properties to environment: {spring.jmx.enabled=false, org.springframework.boot.test.context.SpringBootTestContextBootstrapper=true}

  .   ____          _            __ _ _
 /\\ / ___'_ __ _ _(_)_ __  __ _ \ \ \ \
( ( )\___ | '_ | '_| | '_ \/ _` | \ \ \ \
 \\/  ___)| |_)| | | | | || (_| |  ) ) ) )
  '  |____| .__|_| |_|_| |_\__, | / / / /
 =========|_|==============|___/=/_/_/_/
 :: Spring Boot ::                (v2.5.6)

2021-10-28 15:15:03.514  INFO 12420 --- [    Test worker] c.s.b.s.d.posts.PostsRepositoryTest      : Starting PostsRepositoryTest using Java 1.8.0_281 on gimseonghyeog-ui-MacBookPro.local with PID 12420 (started by sunghyuki in /Users/sunghyuki/Desktop/Git/springboot2-webservice)
2021-10-28 15:15:03.516  INFO 12420 --- [    Test worker] c.s.b.s.d.posts.PostsRepositoryTest      : No active profile set, falling back to default profiles: default
2021-10-28 15:15:03.968  INFO 12420 --- [    Test worker] .s.d.r.c.RepositoryConfigurationDelegate : Bootstrapping Spring Data JPA repositories in DEFAULT mode.
2021-10-28 15:15:04.015  INFO 12420 --- [    Test worker] .s.d.r.c.RepositoryConfigurationDelegate : Finished Spring Data repository scanning in 40 ms. Found 1 JPA repository interfaces.
2021-10-28 15:15:04.472  INFO 12420 --- [    Test worker] com.zaxxer.hikari.HikariDataSource       : HikariPool-1 - Starting...
2021-10-28 15:15:04.683  INFO 12420 --- [    Test worker] com.zaxxer.hikari.HikariDataSource       : HikariPool-1 - Start completed.
2021-10-28 15:15:04.744  INFO 12420 --- [    Test worker] o.hibernate.jpa.internal.util.LogHelper  : HHH000204: Processing PersistenceUnitInfo [name: default]
2021-10-28 15:15:04.793  INFO 12420 --- [    Test worker] org.hibernate.Version                    : HHH000412: Hibernate ORM core version 5.4.32.Final
2021-10-28 15:15:04.952  INFO 12420 --- [    Test worker] o.hibernate.annotations.common.Version   : HCANN000001: Hibernate Commons Annotations {5.1.2.Final}
2021-10-28 15:15:05.072  INFO 12420 --- [    Test worker] org.hibernate.dialect.Dialect            : HHH000400: Using dialect: org.hibernate.dialect.MySQL57InnoDBDialect
Hibernate: drop table if exists posts
Hibernate: create table posts (id bigint not null auto_increment, created_date datetime(6), modified_date datetime(6), author varchar(255), content TEXT not null, title varchar(500) not null, primary key (id)) engine=InnoDB
2021-10-28 15:15:05.613  INFO 12420 --- [    Test worker] o.h.e.t.j.p.i.JtaPlatformInitiator       : HHH000490: Using JtaPlatform implementation: [org.hibernate.engine.transaction.jta.platform.internal.NoJtaPlatform]
2021-10-28 15:15:05.622  INFO 12420 --- [    Test worker] j.LocalContainerEntityManagerFactoryBean : Initialized JPA EntityManagerFactory for persistence unit 'default'
2021-10-28 15:15:06.099  WARN 12420 --- [    Test worker] JpaBaseConfiguration$JpaWebConfiguration : spring.jpa.open-in-view is enabled by default. Therefore, database queries may be performed during view rendering. Explicitly configure spring.jpa.open-in-view to disable this warning
2021-10-28 15:15:06.318  INFO 12420 --- [    Test worker] o.s.b.a.h2.H2ConsoleAutoConfiguration    : H2 console available at '/h2-console'. Database available at 'jdbc:h2:mem:testdb'
2021-10-28 15:15:06.580  INFO 12420 --- [    Test worker] c.s.b.s.d.posts.PostsRepositoryTest      : Started PostsRepositoryTest in 3.273 seconds (JVM running for 4.142)
Hibernate: insert into posts (created_date, modified_date, author, content, title) values (?, ?, ?, ?, ?)
Hibernate: select posts0_.id as id1_0_, posts0_.created_date as created_2_0_, posts0_.modified_date as modified3_0_, posts0_.author as author4_0_, posts0_.content as content5_0_, posts0_.title as title6_0_ from posts posts0_
>>>>>>>>> createDate=2021-10-28T15:15:06.797, modifiedDate=2021-10-28T15:15:06.797
Hibernate: select posts0_.id as id1_0_, posts0_.created_date as created_2_0_, posts0_.modified_date as modified3_0_, posts0_.author as author4_0_, posts0_.content as content5_0_, posts0_.title as title6_0_ from posts posts0_
Hibernate: delete from posts where id=?
]]></system-out>
  <system-err><![CDATA[]]></system-err>
</testsuite>
